<?xml version="1.0" encoding="UTF-8"?>
<!-- Generated by org.testng.reporters.JUnitReportReporter -->
<testsuite skipped="0" hostname="OF011DT3NSMD6NI" name="testRunnerTestNG.TestRunner" tests="1" failures="0" timestamp="2022-03-17T06:42:00 CDT" time="0.068" errors="0">
  <testcase name="runScenario" time="0.068" classname="testRunnerTestNG.TestRunner"/>
  <system-out/>
</testsuite> <!-- testRunnerTestNG.TestRunner -->
